{"C:\\Users\\Pedro\\Desktop\\Facultad\\4to\\Desarrollo De Software\\VSCode\\TP Desarrollo de Software\\PáginaPCParts\\TP-DS\\Server\\src\\controller\\producto.controller.ts": {"path":"C:\\Users\\Pedro\\Desktop\\Facultad\\4to\\Desarrollo De Software\\VSCode\\TP Desarrollo de Software\\PáginaPCParts\\TP-DS\\Server\\src\\controller\\producto.controller.ts","all":false,"statementMap":{"0":{"start":{"line":1,"column":0},"end":{"line":1,"column":44}},"1":{"start":{"line":2,"column":0},"end":{"line":2,"column":51}},"2":{"start":{"line":3,"column":0},"end":{"line":3,"column":63}},"3":{"start":{"line":4,"column":0},"end":{"line":4,"column":59}},"4":{"start":{"line":5,"column":0},"end":{"line":5,"column":41}},"5":{"start":{"line":6,"column":0},"end":{"line":6,"column":0}},"6":{"start":{"line":7,"column":0},"end":{"line":7,"column":0}},"7":{"start":{"line":8,"column":0},"end":{"line":8,"column":65}},"8":{"start":{"line":9,"column":0},"end":{"line":9,"column":8}},"9":{"start":{"line":10,"column":0},"end":{"line":10,"column":56}},"10":{"start":{"line":11,"column":0},"end":{"line":11,"column":0}},"11":{"start":{"line":12,"column":0},"end":{"line":12,"column":40}},"12":{"start":{"line":13,"column":0},"end":{"line":13,"column":74}},"13":{"start":{"line":14,"column":0},"end":{"line":14,"column":9}},"14":{"start":{"line":15,"column":0},"end":{"line":15,"column":8}},"15":{"start":{"line":16,"column":0},"end":{"line":16,"column":44}},"16":{"start":{"line":17,"column":0},"end":{"line":17,"column":5}},"17":{"start":{"line":18,"column":0},"end":{"line":18,"column":17}},"18":{"start":{"line":19,"column":0},"end":{"line":19,"column":37}},"19":{"start":{"line":20,"column":0},"end":{"line":20,"column":39}},"20":{"start":{"line":21,"column":0},"end":{"line":21,"column":10}},"21":{"start":{"line":22,"column":0},"end":{"line":22,"column":5}},"22":{"start":{"line":23,"column":0},"end":{"line":23,"column":1}},"23":{"start":{"line":24,"column":0},"end":{"line":24,"column":0}},"24":{"start":{"line":25,"column":0},"end":{"line":25,"column":64}},"25":{"start":{"line":26,"column":0},"end":{"line":26,"column":35}},"26":{"start":{"line":27,"column":0},"end":{"line":27,"column":0}},"27":{"start":{"line":28,"column":0},"end":{"line":28,"column":8}},"28":{"start":{"line":29,"column":0},"end":{"line":29,"column":81}},"29":{"start":{"line":30,"column":0},"end":{"line":30,"column":0}},"30":{"start":{"line":31,"column":0},"end":{"line":31,"column":22}},"31":{"start":{"line":32,"column":0},"end":{"line":32,"column":34}},"32":{"start":{"line":33,"column":0},"end":{"line":33,"column":54}},"33":{"start":{"line":34,"column":0},"end":{"line":34,"column":14}},"34":{"start":{"line":35,"column":0},"end":{"line":35,"column":18}},"35":{"start":{"line":36,"column":0},"end":{"line":36,"column":9}},"36":{"start":{"line":37,"column":0},"end":{"line":37,"column":4}},"37":{"start":{"line":38,"column":0},"end":{"line":38,"column":38}},"38":{"start":{"line":39,"column":0},"end":{"line":39,"column":18}},"39":{"start":{"line":40,"column":0},"end":{"line":40,"column":30}},"40":{"start":{"line":41,"column":0},"end":{"line":41,"column":39}},"41":{"start":{"line":42,"column":0},"end":{"line":42,"column":10}},"42":{"start":{"line":43,"column":0},"end":{"line":43,"column":5}},"43":{"start":{"line":44,"column":0},"end":{"line":44,"column":1}},"44":{"start":{"line":45,"column":0},"end":{"line":45,"column":0}},"45":{"start":{"line":46,"column":0},"end":{"line":46,"column":65}},"46":{"start":{"line":47,"column":0},"end":{"line":47,"column":85}},"47":{"start":{"line":48,"column":0},"end":{"line":48,"column":0}},"48":{"start":{"line":49,"column":0},"end":{"line":49,"column":8}},"49":{"start":{"line":50,"column":0},"end":{"line":50,"column":53}},"50":{"start":{"line":51,"column":0},"end":{"line":51,"column":43}},"51":{"start":{"line":52,"column":0},"end":{"line":52,"column":36}},"52":{"start":{"line":53,"column":0},"end":{"line":53,"column":48}},"53":{"start":{"line":54,"column":0},"end":{"line":54,"column":24}},"54":{"start":{"line":55,"column":0},"end":{"line":55,"column":10}},"55":{"start":{"line":56,"column":0},"end":{"line":56,"column":0}},"56":{"start":{"line":57,"column":0},"end":{"line":57,"column":37}},"57":{"start":{"line":58,"column":0},"end":{"line":58,"column":44}},"58":{"start":{"line":59,"column":0},"end":{"line":59,"column":35}},"59":{"start":{"line":60,"column":0},"end":{"line":60,"column":26}},"60":{"start":{"line":61,"column":0},"end":{"line":61,"column":10}},"61":{"start":{"line":62,"column":0},"end":{"line":62,"column":8}},"62":{"start":{"line":63,"column":0},"end":{"line":63,"column":30}},"63":{"start":{"line":64,"column":0},"end":{"line":64,"column":70}},"64":{"start":{"line":65,"column":0},"end":{"line":65,"column":26}},"65":{"start":{"line":66,"column":0},"end":{"line":66,"column":10}},"66":{"start":{"line":67,"column":0},"end":{"line":67,"column":8}},"67":{"start":{"line":68,"column":0},"end":{"line":68,"column":18}},"68":{"start":{"line":69,"column":0},"end":{"line":69,"column":30}},"69":{"start":{"line":70,"column":0},"end":{"line":70,"column":41}},"70":{"start":{"line":71,"column":0},"end":{"line":71,"column":10}},"71":{"start":{"line":72,"column":0},"end":{"line":72,"column":0}},"72":{"start":{"line":73,"column":0},"end":{"line":73,"column":5}},"73":{"start":{"line":74,"column":0},"end":{"line":74,"column":1}},"74":{"start":{"line":75,"column":0},"end":{"line":75,"column":0}},"75":{"start":{"line":76,"column":0},"end":{"line":76,"column":64}},"76":{"start":{"line":77,"column":0},"end":{"line":77,"column":109}},"77":{"start":{"line":78,"column":0},"end":{"line":78,"column":3}},"78":{"start":{"line":79,"column":0},"end":{"line":79,"column":8}},"79":{"start":{"line":80,"column":0},"end":{"line":80,"column":8}},"80":{"start":{"line":81,"column":0},"end":{"line":81,"column":0}},"81":{"start":{"line":82,"column":0},"end":{"line":82,"column":86}},"82":{"start":{"line":83,"column":0},"end":{"line":83,"column":4}},"83":{"start":{"line":84,"column":0},"end":{"line":84,"column":22}},"84":{"start":{"line":85,"column":0},"end":{"line":85,"column":34}},"85":{"start":{"line":86,"column":0},"end":{"line":86,"column":43}},"86":{"start":{"line":87,"column":0},"end":{"line":87,"column":14}},"87":{"start":{"line":88,"column":0},"end":{"line":88,"column":18}},"88":{"start":{"line":89,"column":0},"end":{"line":89,"column":9}},"89":{"start":{"line":90,"column":0},"end":{"line":90,"column":4}},"90":{"start":{"line":91,"column":0},"end":{"line":91,"column":95}},"91":{"start":{"line":92,"column":0},"end":{"line":92,"column":4}},"92":{"start":{"line":93,"column":0},"end":{"line":93,"column":119}},"93":{"start":{"line":94,"column":0},"end":{"line":94,"column":4}},"94":{"start":{"line":95,"column":0},"end":{"line":95,"column":175}},"95":{"start":{"line":96,"column":0},"end":{"line":96,"column":35}},"96":{"start":{"line":97,"column":0},"end":{"line":97,"column":47}},"97":{"start":{"line":98,"column":0},"end":{"line":98,"column":41}},"98":{"start":{"line":99,"column":0},"end":{"line":99,"column":53}},"99":{"start":{"line":100,"column":0},"end":{"line":100,"column":28}},"100":{"start":{"line":101,"column":0},"end":{"line":101,"column":16}},"101":{"start":{"line":102,"column":0},"end":{"line":102,"column":24}},"102":{"start":{"line":103,"column":0},"end":{"line":103,"column":42}},"103":{"start":{"line":104,"column":0},"end":{"line":104,"column":17}},"104":{"start":{"line":105,"column":0},"end":{"line":105,"column":14}},"105":{"start":{"line":106,"column":0},"end":{"line":106,"column":9}},"106":{"start":{"line":107,"column":0},"end":{"line":107,"column":101}},"107":{"start":{"line":108,"column":0},"end":{"line":108,"column":41}},"108":{"start":{"line":109,"column":0},"end":{"line":109,"column":48}},"109":{"start":{"line":110,"column":0},"end":{"line":110,"column":39}},"110":{"start":{"line":111,"column":0},"end":{"line":111,"column":30}},"111":{"start":{"line":112,"column":0},"end":{"line":112,"column":15}},"112":{"start":{"line":113,"column":0},"end":{"line":113,"column":34}},"113":{"start":{"line":114,"column":0},"end":{"line":114,"column":51}},"114":{"start":{"line":115,"column":0},"end":{"line":115,"column":15}},"115":{"start":{"line":116,"column":0},"end":{"line":116,"column":18}},"116":{"start":{"line":117,"column":0},"end":{"line":117,"column":9}},"117":{"start":{"line":118,"column":0},"end":{"line":118,"column":30}},"118":{"start":{"line":119,"column":0},"end":{"line":119,"column":38}},"119":{"start":{"line":120,"column":0},"end":{"line":120,"column":10}},"120":{"start":{"line":121,"column":0},"end":{"line":121,"column":0}},"121":{"start":{"line":122,"column":0},"end":{"line":122,"column":18}},"122":{"start":{"line":123,"column":0},"end":{"line":123,"column":30}},"123":{"start":{"line":124,"column":0},"end":{"line":124,"column":42}},"124":{"start":{"line":125,"column":0},"end":{"line":125,"column":10}},"125":{"start":{"line":126,"column":0},"end":{"line":126,"column":5}},"126":{"start":{"line":127,"column":0},"end":{"line":127,"column":0}},"127":{"start":{"line":128,"column":0},"end":{"line":128,"column":0}},"128":{"start":{"line":129,"column":0},"end":{"line":129,"column":1}},"129":{"start":{"line":130,"column":0},"end":{"line":130,"column":0}},"130":{"start":{"line":131,"column":0},"end":{"line":131,"column":67}},"131":{"start":{"line":132,"column":0},"end":{"line":132,"column":35}},"132":{"start":{"line":133,"column":0},"end":{"line":133,"column":0}},"133":{"start":{"line":134,"column":0},"end":{"line":134,"column":8}},"134":{"start":{"line":135,"column":0},"end":{"line":135,"column":82}},"135":{"start":{"line":136,"column":0},"end":{"line":136,"column":0}},"136":{"start":{"line":137,"column":0},"end":{"line":137,"column":22}},"137":{"start":{"line":138,"column":0},"end":{"line":138,"column":34}},"138":{"start":{"line":139,"column":0},"end":{"line":139,"column":56}},"139":{"start":{"line":140,"column":0},"end":{"line":140,"column":14}},"140":{"start":{"line":141,"column":0},"end":{"line":141,"column":18}},"141":{"start":{"line":142,"column":0},"end":{"line":142,"column":9}},"142":{"start":{"line":143,"column":0},"end":{"line":143,"column":0}},"143":{"start":{"line":144,"column":0},"end":{"line":144,"column":32}},"144":{"start":{"line":145,"column":0},"end":{"line":145,"column":41}},"145":{"start":{"line":146,"column":0},"end":{"line":146,"column":10}},"146":{"start":{"line":147,"column":0},"end":{"line":147,"column":0}},"147":{"start":{"line":148,"column":0},"end":{"line":148,"column":37}},"148":{"start":{"line":149,"column":0},"end":{"line":149,"column":35}},"149":{"start":{"line":150,"column":0},"end":{"line":150,"column":10}},"150":{"start":{"line":151,"column":0},"end":{"line":151,"column":0}},"151":{"start":{"line":152,"column":0},"end":{"line":152,"column":5}},"152":{"start":{"line":153,"column":0},"end":{"line":153,"column":17}},"153":{"start":{"line":154,"column":0},"end":{"line":154,"column":30}},"154":{"start":{"line":155,"column":0},"end":{"line":155,"column":34}},"155":{"start":{"line":156,"column":0},"end":{"line":156,"column":10}},"156":{"start":{"line":157,"column":0},"end":{"line":157,"column":5}},"157":{"start":{"line":158,"column":0},"end":{"line":158,"column":1}}},"s":{"0":1,"1":1,"2":1,"3":1,"4":1,"5":1,"6":1,"7":1,"8":3,"9":3,"10":2,"11":3,"12":1,"13":1,"14":1,"15":1,"16":1,"17":1,"18":1,"19":1,"20":1,"21":1,"22":3,"23":1,"24":1,"25":3,"26":3,"27":3,"28":3,"29":2,"30":2,"31":2,"32":2,"33":2,"34":2,"35":2,"36":0,"37":0,"38":3,"39":1,"40":1,"41":1,"42":1,"43":3,"44":1,"45":1,"46":2,"47":2,"48":2,"49":2,"50":2,"51":2,"52":2,"53":2,"54":2,"55":2,"56":2,"57":2,"58":2,"59":2,"60":2,"61":1,"62":1,"63":1,"64":1,"65":1,"66":1,"67":1,"68":1,"69":1,"70":1,"71":1,"72":1,"73":2,"74":1,"75":1,"76":4,"77":4,"78":4,"79":4,"80":4,"81":4,"82":3,"83":4,"84":1,"85":1,"86":1,"87":1,"88":1,"89":2,"90":2,"91":2,"92":4,"93":2,"94":4,"95":0,"96":0,"97":0,"98":0,"99":0,"100":0,"101":0,"102":0,"103":0,"104":0,"105":0,"106":4,"107":0,"108":0,"109":0,"110":0,"111":0,"112":0,"113":0,"114":0,"115":0,"116":0,"117":2,"118":2,"119":2,"120":2,"121":4,"122":1,"123":1,"124":1,"125":1,"126":4,"127":4,"128":4,"129":1,"130":1,"131":3,"132":3,"133":3,"134":3,"135":2,"136":3,"137":1,"138":1,"139":1,"140":1,"141":1,"142":1,"143":1,"144":1,"145":1,"146":1,"147":1,"148":1,"149":1,"150":1,"151":1,"152":1,"153":1,"154":1,"155":1,"156":1,"157":3},"branchMap":{"0":{"type":"branch","line":8,"loc":{"start":{"line":8,"column":28},"end":{"line":23,"column":1}},"locations":[{"start":{"line":8,"column":28},"end":{"line":23,"column":1}}]},"1":{"type":"branch","line":8,"loc":{"start":{"line":8,"column":64},"end":{"line":23,"column":1}},"locations":[{"start":{"line":8,"column":64},"end":{"line":23,"column":1}}]},"2":{"type":"branch","line":11,"loc":{"start":{"line":11,"column":-2},"end":{"line":12,"column":39}},"locations":[{"start":{"line":11,"column":-2},"end":{"line":12,"column":39}}]},"3":{"type":"branch","line":12,"loc":{"start":{"line":12,"column":39},"end":{"line":22,"column":5}},"locations":[{"start":{"line":12,"column":39},"end":{"line":22,"column":5}}]},"4":{"type":"branch","line":25,"loc":{"start":{"line":25,"column":27},"end":{"line":44,"column":1}},"locations":[{"start":{"line":25,"column":27},"end":{"line":44,"column":1}}]},"5":{"type":"branch","line":25,"loc":{"start":{"line":25,"column":63},"end":{"line":44,"column":1}},"locations":[{"start":{"line":25,"column":63},"end":{"line":44,"column":1}}]},"6":{"type":"branch","line":30,"loc":{"start":{"line":30,"column":-2},"end":{"line":36,"column":9}},"locations":[{"start":{"line":30,"column":-2},"end":{"line":36,"column":9}}]},"7":{"type":"branch","line":37,"loc":{"start":{"line":37,"column":-2},"end":{"line":39,"column":11}},"locations":[{"start":{"line":37,"column":-2},"end":{"line":39,"column":11}}]},"8":{"type":"branch","line":39,"loc":{"start":{"line":39,"column":5},"end":{"line":43,"column":5}},"locations":[{"start":{"line":39,"column":5},"end":{"line":43,"column":5}}]},"9":{"type":"branch","line":46,"loc":{"start":{"line":46,"column":28},"end":{"line":74,"column":1}},"locations":[{"start":{"line":46,"column":28},"end":{"line":74,"column":1}}]},"10":{"type":"branch","line":46,"loc":{"start":{"line":46,"column":64},"end":{"line":74,"column":1}},"locations":[{"start":{"line":46,"column":64},"end":{"line":74,"column":1}}]},"11":{"type":"branch","line":62,"loc":{"start":{"line":62,"column":-2},"end":{"line":73,"column":5}},"locations":[{"start":{"line":62,"column":-2},"end":{"line":73,"column":5}}]},"12":{"type":"branch","line":76,"loc":{"start":{"line":76,"column":27},"end":{"line":129,"column":1}},"locations":[{"start":{"line":76,"column":27},"end":{"line":129,"column":1}}]},"13":{"type":"branch","line":76,"loc":{"start":{"line":76,"column":63},"end":{"line":129,"column":1}},"locations":[{"start":{"line":76,"column":63},"end":{"line":129,"column":1}}]},"14":{"type":"branch","line":83,"loc":{"start":{"line":83,"column":-2},"end":{"line":84,"column":21}},"locations":[{"start":{"line":83,"column":-2},"end":{"line":84,"column":21}}]},"15":{"type":"branch","line":84,"loc":{"start":{"line":84,"column":21},"end":{"line":89,"column":9}},"locations":[{"start":{"line":84,"column":21},"end":{"line":89,"column":9}}]},"16":{"type":"branch","line":90,"loc":{"start":{"line":90,"column":-2},"end":{"line":93,"column":117}},"locations":[{"start":{"line":90,"column":-2},"end":{"line":93,"column":117}}]},"17":{"type":"branch","line":94,"loc":{"start":{"line":94,"column":-2},"end":{"line":95,"column":93}},"locations":[{"start":{"line":94,"column":-2},"end":{"line":95,"column":93}}]},"18":{"type":"branch","line":95,"loc":{"start":{"line":95,"column":93},"end":{"line":95,"column":145}},"locations":[{"start":{"line":95,"column":93},"end":{"line":95,"column":145}}]},"19":{"type":"branch","line":95,"loc":{"start":{"line":95,"column":145},"end":{"line":95,"column":173}},"locations":[{"start":{"line":95,"column":145},"end":{"line":95,"column":173}}]},"20":{"type":"branch","line":95,"loc":{"start":{"line":95,"column":174},"end":{"line":106,"column":9}},"locations":[{"start":{"line":95,"column":174},"end":{"line":106,"column":9}}]},"21":{"type":"branch","line":107,"loc":{"start":{"line":107,"column":-2},"end":{"line":107,"column":39}},"locations":[{"start":{"line":107,"column":-2},"end":{"line":107,"column":39}}]},"22":{"type":"branch","line":107,"loc":{"start":{"line":107,"column":35},"end":{"line":107,"column":62}},"locations":[{"start":{"line":107,"column":35},"end":{"line":107,"column":62}}]},"23":{"type":"branch","line":107,"loc":{"start":{"line":107,"column":62},"end":{"line":107,"column":99}},"locations":[{"start":{"line":107,"column":62},"end":{"line":107,"column":99}}]},"24":{"type":"branch","line":107,"loc":{"start":{"line":107,"column":100},"end":{"line":117,"column":9}},"locations":[{"start":{"line":107,"column":100},"end":{"line":117,"column":9}}]},"25":{"type":"branch","line":118,"loc":{"start":{"line":118,"column":-2},"end":{"line":122,"column":11}},"locations":[{"start":{"line":118,"column":-2},"end":{"line":122,"column":11}}]},"26":{"type":"branch","line":122,"loc":{"start":{"line":122,"column":5},"end":{"line":126,"column":5}},"locations":[{"start":{"line":122,"column":5},"end":{"line":126,"column":5}}]},"27":{"type":"branch","line":131,"loc":{"start":{"line":131,"column":30},"end":{"line":158,"column":1}},"locations":[{"start":{"line":131,"column":30},"end":{"line":158,"column":1}}]},"28":{"type":"branch","line":131,"loc":{"start":{"line":131,"column":66},"end":{"line":158,"column":1}},"locations":[{"start":{"line":131,"column":66},"end":{"line":158,"column":1}}]},"29":{"type":"branch","line":136,"loc":{"start":{"line":136,"column":-2},"end":{"line":137,"column":21}},"locations":[{"start":{"line":136,"column":-2},"end":{"line":137,"column":21}}]},"30":{"type":"branch","line":137,"loc":{"start":{"line":137,"column":21},"end":{"line":157,"column":5}},"locations":[{"start":{"line":137,"column":21},"end":{"line":157,"column":5}}]}},"b":{"0":[3],"1":[3],"2":[2],"3":[1],"4":[3],"5":[3],"6":[2],"7":[0],"8":[1],"9":[2],"10":[2],"11":[1],"12":[4],"13":[4],"14":[3],"15":[1],"16":[2],"17":[2],"18":[2],"19":[2],"20":[0],"21":[2],"22":[0],"23":[0],"24":[0],"25":[2],"26":[1],"27":[3],"28":[3],"29":[2],"30":[1]},"fnMap":{"0":{"name":"getProductos","decl":{"start":{"line":8,"column":28},"end":{"line":23,"column":1}},"loc":{"start":{"line":8,"column":28},"end":{"line":23,"column":1}},"line":8},"1":{"name":"getProducto","decl":{"start":{"line":25,"column":27},"end":{"line":44,"column":1}},"loc":{"start":{"line":25,"column":27},"end":{"line":44,"column":1}},"line":25},"2":{"name":"postProducto","decl":{"start":{"line":46,"column":28},"end":{"line":74,"column":1}},"loc":{"start":{"line":46,"column":28},"end":{"line":74,"column":1}},"line":46},"3":{"name":"putProducto","decl":{"start":{"line":76,"column":27},"end":{"line":129,"column":1}},"loc":{"start":{"line":76,"column":27},"end":{"line":129,"column":1}},"line":76},"4":{"name":"deleteProducto","decl":{"start":{"line":131,"column":30},"end":{"line":158,"column":1}},"loc":{"start":{"line":131,"column":30},"end":{"line":158,"column":1}},"line":131}},"f":{"0":3,"1":3,"2":2,"3":4,"4":3}}
,"C:\\Users\\Pedro\\Desktop\\Facultad\\4to\\Desarrollo De Software\\VSCode\\TP Desarrollo de Software\\PáginaPCParts\\TP-DS\\Server\\src\\db\\connection.ts": {"path":"C:\\Users\\Pedro\\Desktop\\Facultad\\4to\\Desarrollo De Software\\VSCode\\TP Desarrollo de Software\\PáginaPCParts\\TP-DS\\Server\\src\\db\\connection.ts","all":false,"statementMap":{"0":{"start":{"line":1,"column":0},"end":{"line":1,"column":38}},"1":{"start":{"line":2,"column":0},"end":{"line":2,"column":0}},"2":{"start":{"line":3,"column":0},"end":{"line":3,"column":0}},"3":{"start":{"line":4,"column":0},"end":{"line":4,"column":60}},"4":{"start":{"line":5,"column":0},"end":{"line":5,"column":22}},"5":{"start":{"line":6,"column":0},"end":{"line":6,"column":20}},"6":{"start":{"line":7,"column":0},"end":{"line":7,"column":2}},"7":{"start":{"line":8,"column":0},"end":{"line":8,"column":0}},"8":{"start":{"line":9,"column":0},"end":{"line":9,"column":25}}},"s":{"0":1,"1":1,"2":1,"3":1,"4":1,"5":1,"6":1,"7":1,"8":1},"branchMap":{},"b":{},"fnMap":{},"f":{}}
,"C:\\Users\\Pedro\\Desktop\\Facultad\\4to\\Desarrollo De Software\\VSCode\\TP Desarrollo de Software\\PáginaPCParts\\TP-DS\\Server\\src\\model\\precioProducto.model.ts": {"path":"C:\\Users\\Pedro\\Desktop\\Facultad\\4to\\Desarrollo De Software\\VSCode\\TP Desarrollo de Software\\PáginaPCParts\\TP-DS\\Server\\src\\model\\precioProducto.model.ts","all":false,"statementMap":{"0":{"start":{"line":1,"column":0},"end":{"line":1,"column":38}},"1":{"start":{"line":2,"column":0},"end":{"line":2,"column":41}},"2":{"start":{"line":3,"column":0},"end":{"line":3,"column":44}},"3":{"start":{"line":4,"column":0},"end":{"line":4,"column":0}},"4":{"start":{"line":5,"column":0},"end":{"line":5,"column":0}},"5":{"start":{"line":6,"column":0},"end":{"line":6,"column":65}},"6":{"start":{"line":7,"column":0},"end":{"line":7,"column":16}},"7":{"start":{"line":8,"column":0},"end":{"line":8,"column":32}},"8":{"start":{"line":9,"column":0},"end":{"line":9,"column":24}},"9":{"start":{"line":10,"column":0},"end":{"line":10,"column":20}},"10":{"start":{"line":11,"column":0},"end":{"line":11,"column":28}},"11":{"start":{"line":12,"column":0},"end":{"line":12,"column":29}},"12":{"start":{"line":13,"column":0},"end":{"line":13,"column":9}},"13":{"start":{"line":14,"column":0},"end":{"line":14,"column":6}},"14":{"start":{"line":15,"column":0},"end":{"line":15,"column":16}},"15":{"start":{"line":16,"column":0},"end":{"line":16,"column":29}},"16":{"start":{"line":17,"column":0},"end":{"line":17,"column":25}},"17":{"start":{"line":18,"column":0},"end":{"line":18,"column":6}},"18":{"start":{"line":19,"column":0},"end":{"line":19,"column":12}},"19":{"start":{"line":20,"column":0},"end":{"line":20,"column":44}},"20":{"start":{"line":21,"column":0},"end":{"line":21,"column":5}},"21":{"start":{"line":22,"column":0},"end":{"line":22,"column":3}},"22":{"start":{"line":23,"column":0},"end":{"line":23,"column":31}},"23":{"start":{"line":24,"column":0},"end":{"line":24,"column":2}}},"s":{"0":1,"1":1,"2":1,"3":1,"4":1,"5":1,"6":1,"7":1,"8":1,"9":1,"10":1,"11":1,"12":1,"13":1,"14":1,"15":1,"16":1,"17":1,"18":1,"19":1,"20":1,"21":1,"22":1,"23":1},"branchMap":{},"b":{},"fnMap":{},"f":{}}
,"C:\\Users\\Pedro\\Desktop\\Facultad\\4to\\Desarrollo De Software\\VSCode\\TP Desarrollo de Software\\PáginaPCParts\\TP-DS\\Server\\src\\model\\producto.model.ts": {"path":"C:\\Users\\Pedro\\Desktop\\Facultad\\4to\\Desarrollo De Software\\VSCode\\TP Desarrollo de Software\\PáginaPCParts\\TP-DS\\Server\\src\\model\\producto.model.ts","all":false,"statementMap":{"0":{"start":{"line":1,"column":0},"end":{"line":1,"column":36}},"1":{"start":{"line":2,"column":0},"end":{"line":2,"column":41}},"2":{"start":{"line":3,"column":0},"end":{"line":3,"column":56}},"3":{"start":{"line":4,"column":0},"end":{"line":4,"column":0}},"4":{"start":{"line":5,"column":0},"end":{"line":5,"column":0}},"5":{"start":{"line":6,"column":0},"end":{"line":6,"column":54}},"6":{"start":{"line":7,"column":0},"end":{"line":7,"column":17}},"7":{"start":{"line":8,"column":0},"end":{"line":8,"column":28}},"8":{"start":{"line":9,"column":0},"end":{"line":9,"column":21}},"9":{"start":{"line":10,"column":0},"end":{"line":10,"column":22}},"10":{"start":{"line":11,"column":0},"end":{"line":11,"column":6}},"11":{"start":{"line":12,"column":0},"end":{"line":12,"column":20}},"12":{"start":{"line":13,"column":0},"end":{"line":13,"column":31}},"13":{"start":{"line":14,"column":0},"end":{"line":14,"column":25}},"14":{"start":{"line":15,"column":0},"end":{"line":15,"column":6}},"15":{"start":{"line":16,"column":0},"end":{"line":16,"column":17}},"16":{"start":{"line":17,"column":0},"end":{"line":17,"column":31}},"17":{"start":{"line":18,"column":0},"end":{"line":18,"column":24}},"18":{"start":{"line":19,"column":0},"end":{"line":19,"column":6}},"19":{"start":{"line":20,"column":0},"end":{"line":20,"column":23}},"20":{"start":{"line":21,"column":0},"end":{"line":21,"column":31}},"21":{"start":{"line":22,"column":0},"end":{"line":22,"column":24}},"22":{"start":{"line":23,"column":0},"end":{"line":23,"column":6}},"23":{"start":{"line":24,"column":0},"end":{"line":24,"column":11}},"24":{"start":{"line":25,"column":0},"end":{"line":25,"column":31}},"25":{"start":{"line":26,"column":0},"end":{"line":26,"column":5}},"26":{"start":{"line":27,"column":0},"end":{"line":27,"column":3}},"27":{"start":{"line":28,"column":0},"end":{"line":28,"column":25}},"28":{"start":{"line":29,"column":0},"end":{"line":29,"column":2}},"29":{"start":{"line":30,"column":0},"end":{"line":30,"column":0}},"30":{"start":{"line":31,"column":0},"end":{"line":31,"column":34}},"31":{"start":{"line":32,"column":0},"end":{"line":32,"column":29}},"32":{"start":{"line":33,"column":0},"end":{"line":33,"column":17}},"33":{"start":{"line":34,"column":0},"end":{"line":34,"column":2}}},"s":{"0":1,"1":1,"2":1,"3":1,"4":1,"5":1,"6":1,"7":1,"8":1,"9":1,"10":1,"11":1,"12":1,"13":1,"14":1,"15":1,"16":1,"17":1,"18":1,"19":1,"20":1,"21":1,"22":1,"23":1,"24":1,"25":1,"26":1,"27":1,"28":1,"29":1,"30":1,"31":1,"32":1,"33":1},"branchMap":{},"b":{},"fnMap":{},"f":{}}
,"C:\\Users\\Pedro\\Desktop\\Facultad\\4to\\Desarrollo De Software\\VSCode\\TP Desarrollo de Software\\PáginaPCParts\\TP-DS\\Server\\src\\routes\\productos.routes.ts": {"path":"C:\\Users\\Pedro\\Desktop\\Facultad\\4to\\Desarrollo De Software\\VSCode\\TP Desarrollo de Software\\PáginaPCParts\\TP-DS\\Server\\src\\routes\\productos.routes.ts","all":false,"statementMap":{"0":{"start":{"line":1,"column":0},"end":{"line":1,"column":33}},"1":{"start":{"line":2,"column":0},"end":{"line":2,"column":121}},"2":{"start":{"line":3,"column":0},"end":{"line":3,"column":0}},"3":{"start":{"line":4,"column":0},"end":{"line":4,"column":0}},"4":{"start":{"line":5,"column":0},"end":{"line":5,"column":33}},"5":{"start":{"line":6,"column":0},"end":{"line":6,"column":0}},"6":{"start":{"line":7,"column":0},"end":{"line":7,"column":42}},"7":{"start":{"line":8,"column":0},"end":{"line":8,"column":40}},"8":{"start":{"line":9,"column":0},"end":{"line":9,"column":41}},"9":{"start":{"line":10,"column":0},"end":{"line":10,"column":48}},"10":{"start":{"line":11,"column":0},"end":{"line":11,"column":55}},"11":{"start":{"line":12,"column":0},"end":{"line":12,"column":0}},"12":{"start":{"line":13,"column":0},"end":{"line":13,"column":31}}},"s":{"0":1,"1":1,"2":1,"3":1,"4":1,"5":1,"6":1,"7":1,"8":1,"9":1,"10":1,"11":1,"12":1},"branchMap":{},"b":{},"fnMap":{},"f":{}}
}
